#
# There is insufficient memory for the Java Runtime Environment to continue.
# Native memory allocation (malloc) failed to allocate 1048576 bytes for AllocateHeap
# Possible reasons:
#   The system is out of physical RAM or swap space
#   In 32 bit mode, the process size limit was hit
# Possible solutions:
#   Reduce memory load on the system
#   Increase physical memory or swap space
#   Check if swap backing store is full
#   Use 64 bit Java on a 64 bit OS
#   Decrease Java heap size (-Xmx/-Xms)
#   Decrease number of Java threads
#   Decrease Java thread stack sizes (-Xss)
#   Set larger code cache with -XX:ReservedCodeCacheSize=
# This output file may be truncated or incomplete.
#
#  Out of Memory Error (memory/allocation.inline.hpp:61), pid=12232, tid=0x000000000000245c
#
# JRE version:  (8.0_172-b11) (build )
# Java VM: Java HotSpot(TM) 64-Bit Server VM (25.172-b11 mixed mode windows-amd64 compressed oops)
# Failed to write core dump. Minidumps are not enabled by default on client versions of Windows
#

---------------  T H R E A D  ---------------

Current thread (0x0000000004b01000):  JavaThread "Unknown thread" [_thread_in_vm, id=9308, stack(0x0000000004a00000,0x0000000004b00000)]

Stack: [0x0000000004a00000,0x0000000004b00000]
[error occurred during error reporting (printing stack bounds), id 0xc0000005]

Native frames: (J=compiled Java code, j=interpreted, Vv=VM code, C=native code)


---------------  P R O C E S S  ---------------

Java Threads: ( => current thread )

Other Threads:

=>0x0000000004b01000 (exited) JavaThread "Unknown thread" [_thread_in_vm, id=9308, stack(0x0000000004a00000,0x0000000004b00000)]

VM state:not at safepoint (normal execution)

VM Mutex/Monitor currently owned by a thread: None

Heap:
 PSYoungGen      total 38400K, used 665K [0x00000000d5d80000, 0x00000000d8800000, 0x0000000100000000)
  eden space 33280K, 2% used [0x00000000d5d80000,0x00000000d5e26670,0x00000000d7e00000)
  from space 5120K, 0% used [0x00000000d8300000,0x00000000d8300000,0x00000000d8800000)
  to   space 5120K, 0% used [0x00000000d7e00000,0x00000000d7e00000,0x00000000d8300000)
 ParOldGen       total 87552K, used 0K [0x0000000081800000, 0x0000000086d80000, 0x00000000d5d80000)
  object space 87552K, 0% used [0x0000000081800000,0x0000000081800000,0x0000000086d80000)
 Metaspace       used 775K, capacity 4480K, committed 4480K, reserved 1056768K
  class space    used 76K, capacity 384K, committed 384K, reserved 1048576K

Card table byte_map: [0x0000000013fc0000,0x00000000143c0000] byte_map_base: 0x0000000013bb4000

Marking Bits: (ParMarkBitMap*) 0x0000000077f73c10
 Begin Bits: [0x0000000014e70000, 0x0000000016e10000)
 End Bits:   [0x0000000016e10000, 0x0000000018db0000)

Polling page: 0x0000000003130000

CodeCache: size=245760Kb used=328Kb max_used=328Kb free=245431Kb
 bounds [0x0000000004c00000, 0x0000000004e70000, 0x0000000013c00000]
 total_blobs=58 nmethods=0 adapters=38
 compilation: enabled

Compilation events (0 events):
No events

GC Heap History (0 events):
No events

Deoptimization events (0 events):
No events

Classes redefined (0 events):
No events

Internal exceptions (0 events):
No events

Events (10 events):
Event: 0.037 loading class java/lang/Short
Event: 0.037 loading class java/lang/Short done
Event: 0.037 loading class java/lang/Integer
Event: 0.037 loading class java/lang/Integer done
Event: 0.037 loading class java/lang/Long
Event: 0.037 loading class java/lang/Long done
Event: 0.038 loading class java/lang/NullPointerException
Event: 0.038 loading class java/lang/NullPointerException done
Event: 0.038 loading class java/lang/ArithmeticException
Event: 0.038 loading class java/lang/ArithmeticException done


Dynamic libraries:
0x00007ff6a43a0000 - 0x00007ff6a43d7000 	C:\Program Files\Java\jdk1.8.0_172\bin\java.exe
0x00007ff9c9d40000 - 0x00007ff9c9f20000 	C:\Windows\SYSTEM32\ntdll.dll
0x00007ff9c8b00000 - 0x00007ff9c8bae000 	C:\Windows\System32\KERNEL32.DLL
0x00007ff9c67e0000 - 0x00007ff9c6a46000 	C:\Windows\System32\KERNELBASE.dll
0x00007ff9c9390000 - 0x00007ff9c9431000 	C:\Windows\System32\ADVAPI32.dll
0x00007ff9c9a90000 - 0x00007ff9c9b2d000 	C:\Windows\System32\msvcrt.dll
0x00007ff9c99c0000 - 0x00007ff9c9a1b000 	C:\Windows\System32\sechost.dll
0x00007ff9c9660000 - 0x00007ff9c977f000 	C:\Windows\System32\RPCRT4.dll
0x00007ff9c7210000 - 0x00007ff9c739f000 	C:\Windows\System32\USER32.dll
0x00007ff9c6a50000 - 0x00007ff9c6a70000 	C:\Windows\System32\win32u.dll
0x00007ff9c9360000 - 0x00007ff9c9388000 	C:\Windows\System32\GDI32.dll
0x00007ff9c6370000 - 0x00007ff9c6503000 	C:\Windows\System32\gdi32full.dll
0x00007ff9c6140000 - 0x00007ff9c61db000 	C:\Windows\System32\msvcp_win.dll
0x00007ff9c6510000 - 0x00007ff9c6606000 	C:\Windows\System32\ucrtbase.dll
0x00007ff9b6e00000 - 0x00007ff9b7069000 	C:\Windows\WinSxS\amd64_microsoft.windows.common-controls_6595b64144ccf1df_6.0.16299.492_none_15c8d3609364b9b0\COMCTL32.dll
0x00007ff9c73b0000 - 0x00007ff9c76b7000 	C:\Windows\System32\combase.dll
0x00007ff9c62f0000 - 0x00007ff9c6362000 	C:\Windows\System32\bcryptPrimitives.dll
0x00007ff9c9ce0000 - 0x00007ff9c9d0d000 	C:\Windows\System32\IMM32.DLL
0x0000000050080000 - 0x0000000050152000 	C:\Program Files\Java\jdk1.8.0_172\jre\bin\msvcr100.dll
0x0000000077750000 - 0x0000000077ff3000 	C:\Program Files\Java\jdk1.8.0_172\jre\bin\server\jvm.dll
0x00007ff9c73a0000 - 0x00007ff9c73a8000 	C:\Windows\System32\PSAPI.DLL
0x00007ff9b3960000 - 0x00007ff9b3969000 	C:\Windows\SYSTEM32\WSOCK32.dll
0x00007ff9bd020000 - 0x00007ff9bd02a000 	C:\Windows\SYSTEM32\VERSION.dll
0x00007ff9c4310000 - 0x00007ff9c4333000 	C:\Windows\SYSTEM32\WINMM.dll
0x00007ff9c9a20000 - 0x00007ff9c9a8c000 	C:\Windows\System32\WS2_32.dll
0x00007ff9c42e0000 - 0x00007ff9c430a000 	C:\Windows\SYSTEM32\WINMMBASE.dll
0x00007ff9c6a70000 - 0x00007ff9c6aba000 	C:\Windows\System32\cfgmgr32.dll
0x0000000050070000 - 0x000000005007f000 	C:\Program Files\Java\jdk1.8.0_172\jre\bin\verify.dll
0x0000000050040000 - 0x0000000050069000 	C:\Program Files\Java\jdk1.8.0_172\jre\bin\java.dll
0x0000000050020000 - 0x0000000050036000 	C:\Program Files\Java\jdk1.8.0_172\jre\bin\zip.dll

VM Arguments:
java_command: <unknown>
java_class_path (initial): .
Launcher Type: SUN_STANDARD

Environment Variables:
JAVA_HOME=C:\Program Files (x86)\Java\jdk1.8.0_172
PATH=C:\Program Files\Java\jdk1.8.0_172\bin;C:\Program Files (x86)\Common Files\Oracle\Java\javapath;C:\Windows\system32;C:\Windows;C:\Windows\System32\Wbem;C:\Windows\System32\WindowsPowerShell\v1.0\;C:\Program Files\dotnet\;C:\Program Files\Git\cmd;C:\Program Files (x86)\NVIDIA Corporation\PhysX\Common;C:\Program Files (x86)\Common Files\Acronis\SnapAPI\;C:\Users\Endo\AppData\Local\Microsoft\WindowsApps;C:\Users\Endo\AppData\Local\atom\bin;C:\MinGW\bin;
USERNAME=Endo
OS=Windows_NT
PROCESSOR_IDENTIFIER=Intel64 Family 6 Model 58 Stepping 9, GenuineIntel



---------------  S Y S T E M  ---------------

OS: Windows 10.0 , 64 bit Build 16299 (10.0.16299.431)

CPU:total 8 (initial active 8) (4 cores per cpu, 2 threads per core) family 6 model 58 stepping 9, cmov, cx8, fxsr, mmx, sse, sse2, sse3, ssse3, sse4.1, sse4.2, popcnt, avx, aes, clmul, erms, ht, tsc, tscinvbit, tscinv

Memory: 4k page, physical 8285464k(472820k free), swap 8285464k(6544k free)

vm_info: Java HotSpot(TM) 64-Bit Server VM (25.172-b11) for windows-amd64 JRE (1.8.0_172-b11), built on Mar 28 2018 21:21:52 by "java_re" with MS VC++ 10.0 (VS2010)

time: Sun Jul 08 19:28:52 2018
elapsed time: 0 seconds (0d 0h 0m 0s)

